  Mon Apr 16 2012 12:35                                                Page 1


                     ***************************************
                     **      WDC 65C816 Macro Assembler   **
                     **                                   **
                     **     Version Evaluation- Mar 27 2006    **
                     ***************************************

     1                        	XREF __initSoundCPU
     2                        	XDEF __spc_sound_init
     3                        	XDEF __spc_nsf_init
     4                        	XDEF __spc_nsf_play
     5                        	XDEF __spc_sound_stop
     6                        
     7                        	XREF nsf_data
     8                        
     9                        ;#################################################
                    #####
    10                        ;### RAM
    11                        ;#################################################
                    #####
    12                        
    13                        ;#################################################
                    #####
    14                        ;### Equates
    15                        ;#################################################
                    #####
    16                        
    17             007F1013   init_lo EQU $7F1013
    18             007F1014   init_hi EQU $7F1014
    19             007F1015   play_lo EQU $7F1015
    20             007F1016   play_hi EQU $7F1016
    21                        
    22             007F1017   stack_lo EQU $7F1017
    23             007F1018   stack_hi EQU $7F1018
    24                        
    25             007F101B   noise_length    EQU $7F101B
    26             007F101C   triangle_length EQU $7F101C
    27             007F101D   square0_length  EQU $7F101D
    28             007F101E   square1_length  EQU $7F101E
    29                        
    30                        ;#################################################
                    #####
    31                        ;### Code
    32                        ;#################################################
                    #####
    33                        
    34                        ;#################################################
                    #####
    35                        ;### __spc_sound_init
    36                        ;### init and copy SPC.bin in SPC is ok
    37                        ;#################################################
                    #####
    38                        
    39                        __spc_sound_init:
    40 00:0000: 78           	sei					; disabl
                    e interrupts
    41 00:0001: C2 30        	rep #$30
    42 00:0003: E2 20            sep #$20
    43                            LONGA OFF
  Mon Apr 16 2012 12:35                                                Page 2


    44                            LONGI ON
    45 00:0005: 20 xx xx         jsr __initSoundCPU
    46 00:0008: 4B               phk
    47 00:0009: AB               plb
    48 00:000A: A9 20            lda #$20
    49 00:000C: 8F 16 41 7F      sta $7F4116
    50 00:0010: 58               cli					; enable
                     interrupts
    51 00:0011: C2 30            rep     #$30		; set back like it was T
                    ODO (way to do it more generic) ???
    52                        	LONGA	ON
    53                        	LONGI	ON
    54 00:0013: 60               rts
    55                        
    56                        ;#################################################
                    #####
    57                        ;### __spc_nsf_init
    58                        ;#################################################
                    #####
    59                        
    60                        __spc_nsf_init:
    61 00:0014: 78           	sei				; disable interr
                    upts
    62                        	LONGA OFF
    63                            LONGI ON
    64 00:0015: C2 30        	rep #$30
    65 00:0017: E2 20            sep #$20
    66                        
    67                            ; restore params passed by C
    68 00:0019: 3B               tsc
    69 00:001A: 38           	sec
    70 00:001B: E9 00        	sbc	#L32
    71 00:001D: 1B           	tcs
    72 00:001E: 0B           	phd
    73 00:001F: 5B           	tcd
    74                        
    75 00:0020: A5 03            lda <L32+3		; functions params : a i
                    s songNumber
    76 00:0022: A2 00 00         ldx #$0000		; offset in nsf song tab
                    le
    77                        
    78 00:0025: 48               pha
    79 00:0026: 8A               txa
    80 00:0027: 0A               asl
    81 00:0028: 0A               asl
    82 00:0029: 48               pha
    83                        
    84 00:002A: 20 xx xx         jsr clear_nes_sound
    85 00:002D: 20 xx xx         jsr update_dsp
    86                        
    87                            ; copy nes code into ram
    88 00:0030: A2 00 00         ldx #$0000
    89                        ?1
    90 00:0033: BF xx xx xx      lda >nescode,x
    91 00:0037: 9F 00 50 7F      sta $7F5000,x
    92 00:003B: E8               inx
    93 00:003C: E0 00 01         cpx #$0100
    94 00:003F: D0 F2            bne ?1
  Mon Apr 16 2012 12:35                                                Page 3


    95                        
    96                            ;copy nsf_data into ram
    97 00:0041: A2 00 00         ldx #$0000
    98                        ?2
    99 00:0044: BF xx xx xx  	lda >nsf_data,x
   100 00:0048: 9F 00 DA 7F      sta $7FDA00,x	; TODO change cause it's related
                     to spartanX.nsf
   101 00:004C: E8               inx
   102 00:004D: E0 00 26         cpx #$2600		; TODO size of nsf data
   103 00:0050: D0 F2            bne ?2
   104                        
   105 00:0052: A9 01            lda #1
   106 00:0054: 8F 1D 10 7F      sta >square0_length
   107 00:0058: 8F 1E 10 7F      sta >square1_length
   108 00:005C: 8F 1C 10 7F      sta >triangle_length
   109 00:0060: 8F 1B 10 7F      sta >noise_length
   110                        
   111 00:0064: 68               pla
   112 00:0065: AA               tax
   113                        
   114                        	; This part of code was patched to use directly
   115                        	; the nsf data reading the right offset
   116 00:0066: A2 0A 00         ldx #$000a
   117 00:0069: BF xx xx xx      lda >nsf_data,x
   118 00:006D: 8F 13 10 7F      sta >init_lo
   119 00:0071: BF xx xx xx      lda >nsf_data+1,x
   120 00:0075: 8F 14 10 7F      sta >init_hi
   121 00:0079: BF xx xx xx      lda >nsf_data+2,x
   122 00:007D: 8F 15 10 7F      sta >play_lo
   123 00:0081: BF xx xx xx      lda >nsf_data+3,x
   124 00:0085: 8F 16 10 7F      sta >play_hi
   125                        
   126 00:0089: 68               pla
   127 00:008A: 22 02 50 7F      jsl $7F5002				; nes_in
                    it
   128 00:008E: 4B               phk
   129 00:008F: AB               plb
   130                        
   131 00:0090: 2B               pld
   132 00:0091: 3B               tsc
   133 00:0092: 18               clc
   134 00:0093: 69 01            adc #$0001
   135 00:0095: 3B               tsc
   136                        
   137 00:0096: 58               cli						
                    ; enable interrupts
   138 00:0097: C2 30            rep     #$30			; set back like 
                    it was TODO (way to do it more generic) ???
   139                        	LONGA	ON
   140                        	LONGI	ON
   141                        
   142             00000000   L32	equ	0
   143                        
   144 00:0099: 60               rts
   145                        
   146                        ;#################################################
                    #####
   147                        ;### __spc_nsf_play
  Mon Apr 16 2012 12:35                                                Page 4


   148                        ;###
   149                        ;#################################################
                    #####
   150                        
   151                        __spc_nsf_play:
   152 00:009A: 78           	sei					; disabl
                    e interrupts
   153 00:009B: C2 30        	rep #$30
   154 00:009D: E2 20            sep #$20
   155                            LONGA OFF
   156                            LONGI ON
   157 00:009F: A9 01            lda #%00000001
   158 00:00A1: 8D 00 42         sta $4200
   159 00:00A4: 22 00 50 7F      jsl $7F5000     	; NSF play a.k.a nesplay
   160 00:00A8: 4B               phk
   161 00:00A9: AB               plb
   162 00:00AA: A9 81            lda #%10000001
   163 00:00AC: 8D 00 42         sta $4200
   164 00:00AF: 20 xx xx         jsr detect_changes
   165 00:00B2: 20 xx xx         jsr emulate_length_counter
   166 00:00B5: 20 xx xx         jsr backup_regs
   167 00:00B8: 20 xx xx         jsr update_dsp
   168 00:00BB: AF 16 41 7F      lda $7F4116
   169 00:00BF: 29 20            and #$20
   170 00:00C1: 8F 16 41 7F      sta $7F4116
   171 00:00C5: 58               cli					; enable
                     interrupts
   172 00:00C6: C2 30            rep     #$30		; set back like it was T
                    ODO (way to do it more generic) ???
   173                        	LONGA	ON
   174                        	LONGI	ON
   175 00:00C8: 60               rts
   176                        
   177                        ;#################################################
                    #####
   178                        ;### __spc_sound_stop
   179                        ;###
   180                        ;#################################################
                    #####
   181                        
   182                        __spc_sound_stop:
   183 00:00C9: C2 30        	rep #$30
   184 00:00CB: E2 20            sep #$20
   185                            LONGA OFF
   186                            LONGI ON
   187 00:00CD: 20 xx xx         jsr clear_nes_sound
   188 00:00D0: 20 xx xx         jsr update_dsp
   189 00:00D3: 60               rts
   190                        
   191                        ;=============================================
   192                        
   193                        detect_changes:
   194 00:00D4: AF 00 40 7F  	lda $7F4000
   195 00:00D8: 29 20        	and #%00100000
   196 00:00DA: D0 28        	bne decay_disabled0
   197                        
   198 00:00DC: AF 03 40 7F  	lda $7F4003
   199 00:00E0: F0 16        	beq ?1
  Mon Apr 16 2012 12:35                                                Page 5


   200 00:00E2: 8F 03 41 7F  	sta $7F4103
   201 00:00E6: A9 00        	lda #0
   202 00:00E8: 8F 03 40 7F  	sta $7F4003
   203                        
   204 00:00EC: AF 16 41 7F  	lda $7F4116
   205 00:00F0: 09 01        	ora #%00000001
   206 00:00F2: 8F 16 41 7F  	sta $7F4116
   207 00:00F6: 80 14        	bra end_square0
   208                        ?1
   209 00:00F8: AF 16 41 7F  	lda $7F4116
   210 00:00FC: 29 FE        	and #%11111110
   211 00:00FE: 8F 16 41 7F  	sta $7F4116
   212 00:0102: 80 08        	bra end_square0
   213                        
   214                        decay_disabled0:
   215 00:0104: AF 03 40 7F  	lda $7F4003
   216 00:0108: 8F 03 41 7F  	sta $7F4103
   217                        
   218                        end_square0:
   219                        
   220 00:010C: AF 04 40 7F  	lda $7F4004
   221 00:0110: 29 20        	and #%00100000
   222 00:0112: D0 28        	bne decay_disabled1
   223                        
   224 00:0114: AF 07 40 7F  	lda $7F4007
   225 00:0118: F0 16        	beq ?1
   226 00:011A: 8F 07 41 7F  	sta $7F4107
   227 00:011E: A9 00        	lda #0
   228 00:0120: 8F 07 40 7F  	sta $7F4007
   229                        
   230 00:0124: AF 16 41 7F  	lda $7F4116
   231 00:0128: 09 0A        	ora #00000010
   232 00:012A: 8F 16 41 7F  	sta $7F4116
   233 00:012E: 80 14        	bra end_square1
   234                        ?1
   235 00:0130: AF 16 41 7F  	lda $7F4116
   236 00:0134: 29 FD        	and #%11111101
   237 00:0136: 8F 16 41 7F  	sta $7F4116
   238 00:013A: 80 08        	bra end_square1
   239                        
   240                        decay_disabled1:
   241 00:013C: AF 07 40 7F  	lda $7F4007
   242 00:0140: 8F 07 41 7F  	sta $7F4107
   243                        end_square1:
   244                                                ;       triangle wave
   245 00:0144: AF 08 40 7F  	lda $7F4008
   246 00:0148: 29 80        	and #%10000000
   247 00:014A: D0 28        	bne disabled3
   248                        
   249 00:014C: AF 0B 40 7F  	lda $7F400B
   250 00:0150: F0 16        	beq ?1
   251 00:0152: 8F 0B 41 7F  	sta $7F410B
   252 00:0156: A9 00        	lda #0
   253 00:0158: 8F 0B 40 7F  	sta $7F400B
   254 00:015C: AF 16 41 7F  	lda $7F4116
   255 00:0160: 09 04        	ora #%00000100
   256 00:0162: 8F 16 41 7F  	sta $7F4116
   257 00:0166: 80 14        	bra end_tri
  Mon Apr 16 2012 12:35                                                Page 6


   258                        ?1
   259 00:0168: AF 16 41 7F  	lda $7F4116
   260 00:016C: 29 FB        	and #%11111011
   261 00:016E: 8F 16 41 7F  	sta $7F4116
   262 00:0172: 80 08        	bra end_tri
   263                        
   264                        disabled3:
   265 00:0174: AF 0B 40 7F  	lda $7F400B
   266 00:0178: 8F 0B 41 7F  	sta $7F410B
   267                        end_tri:
   268                        
   269 00:017C: AF 0C 40 7F  	lda $7F400C
   270 00:0180: 29 20        	and #%00100000
   271 00:0182: D0 28        	bne decay_disabled2
   272                        
   273 00:0184: AF 0F 40 7F  	lda $7F400F
   274 00:0188: F0 16        	beq ?1
   275 00:018A: 8F 0F 41 7F  	sta $7F410F
   276 00:018E: A9 00        	lda #0
   277 00:0190: 8F 0F 40 7F  	sta $7F400F
   278                        
   279 00:0194: AF 16 41 7F  	lda $7F4116
   280 00:0198: 09 08        	ora #%00001000
   281 00:019A: 8F 16 41 7F  	sta $7F4116
   282 00:019E: 80 14        	bra end_noise
   283                        ?1
   284 00:01A0: AF 16 41 7F  	lda $7F4116
   285 00:01A4: 29 F7        	and #%11110111
   286 00:01A6: 8F 16 41 7F  	sta $7F4116
   287 00:01AA: 80 08        	bra end_noise
   288                        
   289                        decay_disabled2:
   290 00:01AC: AF 0F 40 7F  	lda $7F400F
   291 00:01B0: 8F 0F 41 7F  	sta $7F410F
   292                        end_noise:
   293                                                ; check freq for sweeps
   294 00:01B4: AF 01 40 7F  	lda $7F4001
   295 00:01B8: 29 80        	and #%10000000
   296 00:01BA: F0 24        	beq sqsw1
   297                        
   298 00:01BC: AF 01 40 7F  	lda $7F4001
   299 00:01C0: 29 07        	and #%00000111
   300 00:01C2: F0 26        	beq sqsw1x
   301 00:01C4: AF 02 40 7F  	lda $7F4002
   302 00:01C8: F0 16        	beq sqsw1
   303 00:01CA: 8F 02 41 7F  	sta $7F4102
   304 00:01CE: A9 00        	lda #0
   305 00:01D0: 8F 02 40 7F  	sta $7F4002
   306 00:01D4: AF 16 41 7F  	lda $7F4116
   307 00:01D8: 09 40        	ora #%01000000
   308 00:01DA: 8F 16 41 7F  	sta $7F4116
   309 00:01DE: 80 08        	bra skip1
   310                        
   311                        sqsw1:
   312 00:01E0: AF 02 40 7F  	lda $7F4002
   313 00:01E4: 8F 02 41 7F  	sta $7F4102
   314                        skip1:
   315 00:01E8: 80 0C        	bra nextcheck
  Mon Apr 16 2012 12:35                                                Page 7


   316                        sqsw1x:
   317 00:01EA: AF 16 41 7F  	lda $7F4116
   318 00:01EE: 29 BF        	and #%10111111
   319 00:01F0: 8F 16 41 7F  	sta $7F4116
   320 00:01F4: 80 EA        	bra sqsw1
   321                        
   322                        nextcheck:
   323                                                ; check freq for sweeps
   324 00:01F6: AF 05 40 7F  	lda $7F4005
   325 00:01FA: 29 80        	and #%10000000
   326 00:01FC: F0 24        	beq sqsw12
   327                        
   328 00:01FE: AF 05 40 7F  	lda $7F4005
   329 00:0202: 29 07        	and #%00000111
   330 00:0204: F0 26        	beq sqsw1x2
   331 00:0206: AF 06 40 7F  	lda $7F4006
   332 00:020A: F0 16        	beq sqsw12
   333 00:020C: 8F 06 41 7F  	sta $7F4106
   334 00:0210: A9 00        	lda #0
   335 00:0212: 8F 06 40 7F  	sta $7F4006
   336 00:0216: AF 16 41 7F  	lda $7F4116
   337 00:021A: 09 80        	ora #%10000000
   338 00:021C: 8F 16 41 7F  	sta $7F4116
   339 00:0220: 80 08        	bra skip2
   340                        sqsw12:
   341 00:0222: AF 06 40 7F  	lda $7F4006
   342 00:0226: 8F 06 41 7F  	sta $7F4106
   343                        skip2:
   344 00:022A: 80 0C        	bra nextcheck2
   345                        sqsw1x2:
   346 00:022C: AF 16 41 7F  	lda $7F4116
   347 00:0230: 29 7F        	and #%01111111
   348 00:0232: 8F 16 41 7F  	sta $7F4116
   349 00:0236: 80 EA        	bra sqsw12
   350                        
   351                        nextcheck2:
   352 00:0238: 60           	rts
   353                        
   354                        ;=============================================
   355                        
   356                        backup_regs:
   357 00:0239: AF 00 40 7F  	lda $7F4000
   358 00:023D: 8F 00 41 7F  	sta $7F4100
   359 00:0241: AF 01 40 7F  	lda $7F4001
   360 00:0245: 8F 01 41 7F  	sta $7F4101
   361                        	;lda $7F4002
   362                        	;sta $7F4102
   363 00:0249: AF 04 40 7F  	lda $7F4004
   364 00:024D: 8F 04 41 7F  	sta $7F4104
   365 00:0251: AF 05 40 7F  	lda $7F4005
   366 00:0255: 8F 05 41 7F  	sta $7F4105
   367                        	;lda $7F4006
   368                        	;sta $7F4106
   369 00:0259: AF 08 40 7F  	lda $7F4008
   370 00:025D: 8F 08 41 7F  	sta $7F4108
   371 00:0261: AF 09 40 7F  	lda $7F4009
   372 00:0265: 8F 09 41 7F  	sta $7F4109
   373 00:0269: AF 0A 40 7F  	lda $7F400A
  Mon Apr 16 2012 12:35                                                Page 8


   374 00:026D: 8F 0A 41 7F  	sta $7F410A
   375                        	;lda $7F400B
   376                        	;sta $7F410B
   377 00:0271: AF 0C 40 7F  	lda $7F400C
   378 00:0275: 8F 0C 41 7F  	sta $7F410C
   379 00:0279: AF 0D 40 7F  	lda $7F400D
   380 00:027D: 8F 0D 41 7F  	sta $7F410D
   381 00:0281: AF 0E 40 7F  	lda $7F400E
   382 00:0285: 8F 0E 41 7F  	sta $7F410E
   383                        	;lda $7F4015
   384                        	;sta $7F4115
   385 00:0289: AF 11 40 7F  	lda $7F4011
   386 00:028D: 8F 11 41 7F  	sta $7F4111
   387                        
   388 00:0291: 60           	rts
   389                        
   390                        ;=============================================
   391                        
   392                        emulate_length_counter:
   393 00:0292: A9 00        	lda #0
   394 00:0294: 8F 15 41 7F  	sta $7F4115
   395                        	                        ; square 0
   396 00:0298: AF 16 41 7F  	lda $7F4116
   397 00:029C: 29 01        	and #%00000001
   398 00:029E: F0 2B        	beq sq0_not_changed
   399                        
   400 00:02A0: AF 03 41 7F  	lda $7F4103
   401 00:02A4: 48           	pha
   402 00:02A5: 29 08        	and #%00001000
   403 00:02A7: F0 14        	beq sq0_d3_0
   404                        
   405 00:02A9: 68           	pla
   406 00:02AA: 4A           	lsr a
   407 00:02AB: 4A           	lsr a
   408 00:02AC: 4A           	lsr a
   409 00:02AD: 4A           	lsr a
   410                        
   411 00:02AE: EB           	xba
   412 00:02AF: A9 00        	lda #0
   413 00:02B1: EB           	xba
   414                        
   415 00:02B2: AA           	tax
   416 00:02B3: BF xx xx xx  	lda >length_d3_1,x
   417 00:02B7: 8F 1D 10 7F  	sta >square0_length
   418 00:02BB: 80 0E        	bra sq0_load_end
   419                        
   420                        sq0_d3_0:
   421 00:02BD: 68           	pla
   422 00:02BE: 4A           	lsr a
   423 00:02BF: 4A           	lsr a
   424 00:02C0: 4A           	lsr a
   425 00:02C1: 4A           	lsr a
   426                        
   427 00:02C2: AA           	tax
   428 00:02C3: BF xx xx xx  	lda >length_d3_0,x
   429 00:02C7: 8F 1D 10 7F  	sta >square0_length
   430                        
   431                        sq0_load_end:
  Mon Apr 16 2012 12:35                                                Page 9


   432                        ;	lda #0
   433                        ;	sta $7F4003
   434                        
   435                        sq0_not_changed:
   436 00:02CB: AF 15 41 7F  	lda $7F4115
   437 00:02CF: 09 01        	ora #%00000001
   438 00:02D1: 8F 15 41 7F  	sta $7F4115
   439 00:02D5: AF 00 40 7F  	lda $7F4000
   440 00:02D9: 29 20        	and #%00100000
   441 00:02DB: D0 17        	bne sq0_counter_disabled
   442                        
   443 00:02DD: AF 1D 10 7F  	lda >square0_length
   444 00:02E1: F0 07        	beq blahsq
   445 00:02E3: 3A           	dec
   446 00:02E4: 8F 1D 10 7F  	sta >square0_length
   447 00:02E8: 80 0A        	bra sq0_counter_disabled
   448                        
   449                        blahsq:
   450 00:02EA: AF 15 41 7F  	lda $7F4115
   451 00:02EE: 29 FE        	and #%11111110
   452 00:02F0: 8F 15 41 7F  	sta $7F4115
   453                        
   454                        sq0_counter_disabled:
   455                        	                        ; square 1
   456 00:02F4: AF 16 41 7F  	lda $7F4116
   457 00:02F8: 29 02        	and #%00000010
   458 00:02FA: F0 2B        	beq sq1_not_changed
   459                        
   460 00:02FC: AF 07 41 7F  	lda $7F4107
   461 00:0300: 48           	pha
   462 00:0301: 29 08        	and #%00001000
   463 00:0303: F0 14        	beq sq1_d3_0
   464                        
   465 00:0305: 68           	pla
   466 00:0306: 4A           	lsr a
   467 00:0307: 4A           	lsr a
   468 00:0308: 4A           	lsr a
   469 00:0309: 4A           	lsr a
   470                        
   471 00:030A: EB           	xba
   472 00:030B: A9 00        	lda #0
   473 00:030D: EB           	xba
   474                        
   475 00:030E: AA           	tax
   476 00:030F: BF xx xx xx  	lda >length_d3_1,x
   477 00:0313: 8F 1E 10 7F  	sta >square1_length
   478 00:0317: 80 0E        	bra sq1_load_end
   479                        
   480                        sq1_d3_0:
   481 00:0319: 68           	pla
   482 00:031A: 4A           	lsr a
   483 00:031B: 4A           	lsr a
   484 00:031C: 4A           	lsr a
   485 00:031D: 4A           	lsr a
   486                        
   487 00:031E: AA           	tax
   488 00:031F: BF xx xx xx  	lda >length_d3_0,x
   489 00:0323: 8F 1E 10 7F  	sta >square1_length
  Mon Apr 16 2012 12:35                                                Page 10


   490                        
   491                        sq1_load_end:
   492                        ;	lda #0
   493                        ;	sta $7F4007
   494                        
   495                        sq1_not_changed:
   496 00:0327: AF 15 41 7F  	lda $7F4115
   497 00:032B: 09 02        	ora #%00000010
   498 00:032D: 8F 15 41 7F  	sta $7F4115
   499                        
   500 00:0331: AF 04 40 7F  	lda $7F4004
   501 00:0335: 29 20        	and #%00100000
   502 00:0337: D0 17        	bne sq1_counter_disabled
   503                        
   504 00:0339: AF 1E 10 7F  	lda >square1_length
   505 00:033D: F0 07        	beq sqblah
   506 00:033F: 3A           	dec
   507 00:0340: 8F 1E 10 7F  	sta >square1_length
   508 00:0344: 80 0A        	bra sq1_counter_disabled
   509                        
   510                        sqblah:
   511 00:0346: AF 15 41 7F  	lda $7F4115
   512 00:034A: 29 FD        	and #%11111101
   513 00:034C: 8F 15 41 7F  	sta $7F4115
   514                        
   515                        sq1_counter_disabled:
   516                        	                        ; triangle channel
   517 00:0350: AF 16 41 7F  	lda $7F4116
   518 00:0354: 29 04        	and #%00000100
   519 00:0356: F0 2B        	beq tri_not_changed
   520                        
   521 00:0358: AF 0B 41 7F  	lda $7F410B
   522 00:035C: 48           	pha
   523 00:035D: 29 08        	and #%00001000
   524 00:035F: F0 14        	beq tri_d3_0
   525                        
   526 00:0361: 68           	pla
   527 00:0362: 4A           	lsr a
   528 00:0363: 4A           	lsr a
   529 00:0364: 4A           	lsr a
   530 00:0365: 4A           	lsr a
   531                        
   532 00:0366: EB           	xba
   533 00:0367: A9 00        	lda #0
   534 00:0369: EB           	xba
   535                        
   536 00:036A: AA           	tax
   537 00:036B: BF xx xx xx  	lda >length_d3_1,x
   538 00:036F: 8F 1C 10 7F  	sta >triangle_length
   539 00:0373: 80 0E        	bra tri_load_end
   540                        
   541                        tri_d3_0:
   542 00:0375: 68           	pla
   543 00:0376: 4A           	lsr a
   544 00:0377: 4A           	lsr a
   545 00:0378: 4A           	lsr a
   546 00:0379: 4A           	lsr a
   547                        
  Mon Apr 16 2012 12:35                                                Page 11


   548 00:037A: AA           	tax
   549 00:037B: BF xx xx xx  	lda >length_d3_0,x
   550 00:037F: 8F 1C 10 7F  	sta >triangle_length
   551                        
   552                        tri_load_end:
   553                        ;	lda #0
   554                        ;	sta $7F400B
   555                        
   556                        tri_not_changed:
   557 00:0383: AF 15 41 7F  	lda $7F4115
   558 00:0387: 09 04        	ora #%00000100
   559 00:0389: 8F 15 41 7F  	sta $7F4115
   560                        
   561 00:038D: AF 08 40 7F  	lda $7F4008
   562 00:0391: 29 80        	and #%10000000
   563 00:0393: D0 17        	bne tri_counter_disabled
   564                        
   565 00:0395: AF 1C 10 7F  	lda >triangle_length
   566 00:0399: F0 07        	beq blah
   567 00:039B: 3A           	dec
   568 00:039C: 8F 1C 10 7F  	sta >triangle_length
   569 00:03A0: 80 0A        	bra tri_counter_disabled
   570                        
   571                        blah:
   572 00:03A2: AF 15 41 7F  	lda $7F4115
   573 00:03A6: 29 FB        	and #%11111011
   574 00:03A8: 8F 15 41 7F  	sta $7F4115
   575                        
   576                        tri_counter_disabled:
   577                        	                        ; noise channel
   578 00:03AC: AF 16 41 7F  	lda $7F4116
   579 00:03B0: 29 08        	and #%00001000          ; get length value (0 if
                     unchanged)
   580 00:03B2: F0 2B        	beq unchanged
   581                        
   582 00:03B4: AF 0F 41 7F  	lda $7F410F
   583 00:03B8: 48           	pha
   584 00:03B9: 29 08        	and #%00001000
   585 00:03BB: F0 14        	beq d3_0
   586                        
   587 00:03BD: 68           	pla
   588 00:03BE: 4A           	lsr a
   589 00:03BF: 4A           	lsr a
   590 00:03C0: 4A           	lsr a
   591 00:03C1: 4A           	lsr a
   592                        
   593 00:03C2: EB           	xba
   594 00:03C3: A9 00        	lda #0
   595 00:03C5: EB           	xba
   596                        
   597 00:03C6: AA           	tax
   598 00:03C7: BF xx xx xx  	lda >length_d3_1,x
   599 00:03CB: 8F 1B 10 7F  	sta >noise_length
   600                        
   601 00:03CF: 80 0E        	bra load_end
   602                        
   603                        d3_0:
   604 00:03D1: 68           	pla
  Mon Apr 16 2012 12:35                                                Page 12


   605 00:03D2: 4A           	lsr a
   606 00:03D3: 4A           	lsr a
   607 00:03D4: 4A           	lsr a
   608 00:03D5: 4A           	lsr a
   609                        
   610 00:03D6: AA           	tax
   611 00:03D7: BF xx xx xx  	lda >length_d3_0,x
   612 00:03DB: 8F 1B 10 7F  	sta >noise_length
   613                        
   614                        load_end:
   615                        ;	lda #0
   616                        ;	sta $7F400F
   617                        
   618                        unchanged:
   619 00:03DF: AF 15 41 7F  	lda $7F4115
   620 00:03E3: 09 08        	ora #%00001000
   621 00:03E5: 8F 15 41 7F  	sta $7F4115
   622                        
   623 00:03E9: AF 0C 40 7F  	lda $7F400C
   624 00:03ED: 29 20        	and #%00100000
   625 00:03EF: D0 17        	bne noise_counter_disabled
   626                        
   627 00:03F1: AF 1B 10 7F  	lda >noise_length
   628 00:03F5: F0 07        	beq pleh
   629                        
   630 00:03F7: 3A           	dec
   631 00:03F8: 8F 1B 10 7F  	sta >noise_length
   632 00:03FC: 80 0A        	bra noise_counter_disabled
   633                        
   634                        pleh:
   635 00:03FE: AF 15 41 7F  	lda $7F4115
   636 00:0402: 29 F7        	and #%11110111
   637 00:0404: 8F 15 41 7F  	sta $7F4115
   638                        
   639                        noise_counter_disabled:
   640 00:0408: AF 15 41 7F  	lda $7F4115
   641 00:040C: 2F 15 40 7F  	and $7F4015
   642 00:0410: 8F 15 41 7F  	sta $7F4115
   643                        
   644 00:0414: 60           	rts
   645                        
   646                        length_d3_0:
   647 00:0415: 06 0B 15 29  	.db $06,$0B,$15,$29,$51,$1F,$08,$0F
       00:0419: 51 1F 08 0F 
   648 00:041D: 07 0D 19 31  	.db $07,$0D,$19,$31,$61,$25,$09,$11
       00:0421: 61 25 09 11 
   649                        
   650                        length_d3_1:
   651 00:0425: 80 02 03 04  	.db $80,$02,$03,$04,$05,$06,$07,$08
       00:0429: 05 06 07 08 
   652 00:042D: 09 0A 0B 0C  	.db $09,$0A,$0B,$0C,$0D,$0E,$0F,$10
       00:0431: 0D 0E 0F 10 
   653                        
   654                        ;=============================================
   655                        
   656                        ;#################################################
                    #####
   657                        ;### update_dsp is totally ported to wdc assembler
  Mon Apr 16 2012 12:35                                                Page 13


   658                        ;### transfer have been controlled and looks ok
   659                        ;#################################################
                    #####
   660                        
   661                        	XDEF update_dsp
   662                        
   663                        update_dsp:
   664 00:0435: 08               php
   665                        	LONGI OFF
   666 00:0436: E2 10            sep #$10
   667                        ?1
   668 00:0438: AD 40 21         lda $2140
   669 00:043B: C9 7D            cmp #$7D                ; wait for SPC ready
   670 00:043D: D0 F9            bne ?1
   671                        
   672 00:043F: A9 D7            lda #$D7
   673 00:0441: 8D 40 21         sta $2140               ; tell SPC that CPU is 
                    ready
   674                        ?2
   675 00:0444: CD 40 21         cmp $2140               ; wait for reply
   676 00:0447: D0 FB            bne ?2
   677                        
   678 00:0449: A2 00            ldx #$00
   679 00:044B: 8E 40 21         stx $2140               ; clear port 0
   680                        xfer:
   681 00:044E: BF 00 41 7F      lda $7F4100,x
   682 00:0452: 8D 41 21         sta $2141               ; send data to port 1
   683                        ?1
   684 00:0455: EC 40 21         cpx $2140               ; wait for reply on por
                    t 0
   685 00:0458: D0 FB            bne ?1
   686                        
   687 00:045A: E8               inx
   688 00:045B: E0 17            cpx #$17
   689 00:045D: F0 05            beq ?2
   690 00:045F: 8E 40 21         stx $2140
   691 00:0462: 80 EA            bra xfer
   692                        ?2
   693                        	LONGI ON
   694 00:0464: 28               plp
   695 00:0465: 60               rts
   696                        
   697                        ;-------------------------------------------------
                    -----------
   698                        
   699                        clear_nes_sound:
   700                        	LONGA OFF
   701                        	LONGI ON
   702 00:0466: A9 00            lda #$00
   703 00:0468: 8F 00 41 7F      sta $7F4100             ; optimized for speeeee
                    ed
   704 00:046C: 8F 01 41 7F      sta $7F4101
   705 00:0470: 8F 02 41 7F      sta $7F4102
   706 00:0474: 8F 03 41 7F      sta $7F4103
   707 00:0478: 8F 04 41 7F      sta $7F4104
   708 00:047C: 8F 05 41 7F      sta $7F4105
   709 00:0480: 8F 06 41 7F      sta $7F4106
   710 00:0484: 8F 07 41 7F      sta $7F4107
  Mon Apr 16 2012 12:35                                                Page 14


   711 00:0488: 8F 08 41 7F      sta $7F4108
   712 00:048C: 8F 09 41 7F      sta $7F4109
   713 00:0490: 8F 0A 41 7F      sta $7F410A
   714 00:0494: 8F 0B 41 7F      sta $7F410B
   715 00:0498: 8F 0C 41 7F      sta $7F410C
   716 00:049C: 8F 0D 41 7F      sta $7F410D
   717 00:04A0: 8F 0E 41 7F      sta $7F410E
   718 00:04A4: 8F 0F 41 7F      sta $7F410F
   719 00:04A8: 8F 14 41 7F      sta $7F4114
   720 00:04AC: 8F 00 40 7F      sta $7F4000
   721 00:04B0: 8F 01 40 7F      sta $7F4001
   722 00:04B4: 8F 02 40 7F      sta $7F4002
   723 00:04B8: 8F 03 40 7F      sta $7F4003
   724 00:04BC: 8F 04 40 7F      sta $7F4004
   725 00:04C0: 8F 05 40 7F      sta $7F4005
   726 00:04C4: 8F 06 40 7F      sta $7F4006
   727 00:04C8: 8F 07 40 7F      sta $7F4007
   728 00:04CC: 8F 08 40 7F      sta $7F4008
   729 00:04D0: 8F 09 40 7F      sta $7F4009
   730 00:04D4: 8F 0A 40 7F      sta $7F400A
   731 00:04D8: 8F 0B 40 7F      sta $7F400B
   732 00:04DC: 8F 0C 40 7F      sta $7F400C
   733 00:04E0: 8F 0D 40 7F      sta $7F400D
   734 00:04E4: 8F 0E 40 7F      sta $7F400E
   735 00:04E8: 8F 0F 40 7F      sta $7F400F
   736 00:04EC: 8F 14 40 7F      sta $7F4014
   737 00:04F0: 60               rts
   738                        
   739                            XDEF nescode
   740                            XDEF nesinit
   741                            XDEF nesplay
   742                        
   743                        NES_CODE SECTION
   744                        
   745                        ; This code need to be in RAM at 7F5000
   746                        ; It is copied then executed directly from address
   747                        
   748                        nescode:
   749                        
   750                        nesrun:
   751 00:0000: 80 37                bra nesplay
   752 00:0002: 80 00                bra nesinit
   753                        nesinit:
   754 00:0004: 08           		php
   755 00:0005: 0B           		phd
   756 00:0006: 4B                   phk
   757 00:0007: AB                   plb
   758 00:0008: 48                   pha
   759                        	LONGA ON
   760 00:0009: C2 20                rep #$20
   761 00:000B: A9 00 00             lda #$0000
   762 00:000E: 5B                   tcd
   763                            LONGA OFF
   764                            LONGI OFF
   765 00:000F: E2 30                sep #$30        ; mem and index to 8-bit
   766 00:0011: 68                   pla
   767                            LONGA ON
   768                            LONGI ON
  Mon Apr 16 2012 12:35                                                Page 15


   769 00:0012: C2 30        		rep #$30
   770 00:0014: BA           		tsx
   771 00:0015: 8E 17 10     		stx $7F1017
   772                        	LONGA OFF
   773                            LONGI OFF
   774 00:0018: E2 30        		sep #$30
   775 00:001A: 38                   sec
   776 00:001B: FB                   xce             ; 6502 mode
   777 00:001C: A2 00                ldx #0
   778 00:001E: 9B                   txy
   779 00:001F: FC 13 10             jsr ($1013,x)
   780 00:0022: 18                   clc
   781 00:0023: FB                   xce             ; native mode
   782                        	LONGA	ON
   783                        	LONGI	ON
   784 00:0024: C2 30        		rep	#$30
   785 00:0026: AE 17 10     		ldx $7F1017
   786 00:0029: 9A           		txs
   787 00:002A: A9 00 10             lda #$1000
   788 00:002D: 5B                   tcd
   789                        	LONGA OFF
   790 00:002E: E2 20                sep #$20
   791                        
   792 00:0030: A9 0F                lda #$0F
   793 00:0032: 8F 15 40 7F          sta $7F4015
   794                        
   795 00:0036: 2B           		pld
   796 00:0037: 28                   plp
   797 00:0038: 6B                   rtl
   798                        
   799                        nesplay:
   800 00:0039: 08                   php
   801 00:003A: 0B                   phd
   802 00:003B: 4B                   phk
   803 00:003C: AB                   plb
   804                        
   805                        	LONGA ON
   806 00:003D: C2 20                rep #$20
   807 00:003F: A9 00 00             lda #$0000
   808 00:0042: 5B                   tcd
   809                        	LONGA OFF
   810                        	LONGI OFF
   811 00:0043: E2 30                sep #$30
   812                            LONGA ON
   813                            LONGI ON
   814 00:0045: C2 30        		rep #$30
   815 00:0047: BA           		tsx
   816 00:0048: 8E 17 10     		stx $7F1017
   817                        	LONGA OFF
   818                            LONGI OFF
   819 00:004B: E2 30        		sep #$30
   820 00:004D: 38                   sec
   821 00:004E: FB                   xce             ; 6502 mode
   822 00:004F: A2 00                ldx #0
   823 00:0051: 9B                   txy
   824 00:0052: FC 15 10             jsr ($1015,x)
   825 00:0055: 18                   clc
   826 00:0056: FB                   xce             ; native mode
  Mon Apr 16 2012 12:35                                                Page 16


   827                            LONGA	ON
   828                        	LONGI	ON
   829 00:0057: C2 30        		rep	#$30
   830 00:0059: AE 17 10     		ldx $7F1017
   831 00:005C: 9A           		txs
   832                        	LONGA ON
   833 00:005D: C2 20                rep #$20
   834 00:005F: A9 00 10             lda #$1000
   835 00:0062: 5B                   tcd
   836                            LONGA OFF
   837                            LONGI ON
   838 00:0063: C2 30            rep #$30
   839 00:0065: E2 20            sep #$20
   840 00:0067: 2B               	pld
   841 00:0068: 28                   plp
   842 00:0069: 6B                   rtl
   843                        ENDS


      Lines assembled: 843
      Errors: 0
