  Mon Apr 16 2012 12:35                                                Page 1


                     ***************************************
                     **      WDC 65C816 Macro Assembler   **
                     **                                   **
                     **     Version Evaluation- Mar 27 2006    **
                     ***************************************

     1                        ressource	.section
     2                        
     3                        	XDEF __debugFont_pic
     4                        __debugFont_pic:
     5 00:0000: FF 00 FF 00  	INSERT ressource/gfx/debugFont.pic
       00:0004: FF 00 FF 00 
       00:0008: FF 00 FF 00 
       00:000C: FF 00 FF 00 
       00:0010: 00 00 00 00 
       00:0014: 00 00 00 00 
       00:0018: 00 00 00 00 
       00:001C: 00 00 00 00 
       00:0020: FF 00 E3 00 
       00:0024: E3 08 E3 08 
       00:0028: E3 08 E3 00 
       00:002C: E3 08 E3 00 
       00:0030: 00 00 00 00 
       00:0034: 00 00 00 00 
       00:0038: 00 00 00 00 
       00:003C: 00 00 00 00 
       00:0040: FF 00 C1 00 
       00:0044: C1 14 C1 14 
       00:0048: C1 00 FF 00 
       00:004C: FF 00 FF 00 
       00:0050: 00 00 00 00 
       00:0054: 00 00 00 00 
       00:0058: 00 00 00 00 
       00:005C: 00 00 00 00 
       00:0060: FF 00 C1 00 
       00:0064: 80 14 80 3E 
       00:0068: 80 14 80 3E 
       00:006C: 80 14 C1 00 
       00:0070: 00 00 00 00 
       00:0074: 00 00 00 00 
       00:0078: 00 00 00 00 
       00:007C: 00 00 00 00 
     6                        
     7                        	XDEF __debugFont_pal
     8                        __debugFont_pal:
     9 00:0800: 00 00 1F 7C  	INSERT ressource/gfx/debugFont.clr
       00:0804: FF 7F 00 00 
       00:0808: 00 00 00 00 
       00:080C: 00 00 00 00 
       00:0810: 00 00 00 00 
       00:0814: 00 00 00 00 
       00:0818: 00 00 00 00 
       00:081C: 00 00 00 00 
    10                        
    11                        	XDEF nsf_data
    12                        nsf_data:
    13 00:0820: 4E 45 53 4D  	INSERT ressource/spartanx.nsf
       00:0824: 1A 01 19 01 
  Mon Apr 16 2012 12:35                                                Page 2


       00:0828: 80 DA 80 DA 
       00:082C: 31 F8 53 70 
       00:0830: 61 72 74 61 
       00:0834: 6E 20 58 00 
       00:0838: 00 00 00 00 
       00:083C: 00 00 00 00 
       00:0840: 00 00 00 00 
       00:0844: 00 00 00 00 
       00:0848: 00 00 00 00 
       00:084C: 00 00 3C 3F 
       00:0850: 3E 00 00 00 
       00:0854: 00 00 00 00 
       00:0858: 00 00 00 00 
       00:085C: 00 00 00 00 
       00:0860: 00 00 00 00 
       00:0864: 00 00 00 00 
       00:0868: 00 00 00 00 
       00:086C: 00 00 31 39 
       00:0870: 38 35 20 4E 
       00:0874: 69 6E 74 65 
       00:0878: 6E 64 6F 00 
       00:087C: 00 00 00 00 
       00:0880: 00 00 00 00 
       00:0884: 00 00 00 00 
       00:0888: 00 00 00 00 
       00:088C: 00 00 1A 41 
       00:0890: 00 00 00 00 
       00:0894: 00 00 00 00 
       00:0898: 00 00 00 00 
       00:089C: 00 00 00 00 
    14                        
    15 00:2E20:              .ends


      Lines assembled: 15
      Errors: 0
